<?xml version="1.0" encoding="UTF-8"?>
<!-- Generated by org.testng.reporters.JUnitXMLReporter -->
<testsuite ignored="0" hostname="bruce" failures="0" tests="12" name="Test" time="191.284" errors="0" timestamp="2024-04-05T19:27:18 IST">
  <testcase classname="testClasses.TC_AddtoCartIsDisplayed_001" name="AddToCartIsDisplayed" time="0.941"/>
  <testcase classname="testClasses.TC_AddingProductToCart_002" name="addingProductToCart" time="14.588"/>
  <testcase classname="testClasses.TC_TransitionOfAddtoCartBtn_003" name="transitioningAddTOCart" time="10.354"/>
  <testcase classname="testClasses.TC_ValidatingCartItem_004" name="VerifyingSelectedItem_in_Cart" time="4.688"/>
  <testcase classname="testClasses.TC_ValidatingRestrictionWhenProductOutOfStock_005" name="ValidatingAddtoCartBtnWhenOutofStock" time="8.172"/>
  <testcase classname="testClasses.TC_RemovingCartItems_006" name="deletinCartItems" time="5.45"/>
  <testcase classname="testClasses.TC_CartQuantityAlteringFunctionality_007" name="CartQuantity_Add_On_Functionality" time="5.382"/>
  <testcase classname="testClasses.TC_CartQuantityDecrementFunctionality_008" name="CartQuantity_Sub_In_Functionality" time="25.391"/>
  <testcase classname="testClasses.TC_AddingMultiProductsDDT_009" name="addingMultiProducts" time="20.342"/>
  <testcase classname="testClasses.TC_AddingMultiProductsDDT_009" name="addingMultiProducts" time="11.066"/>
  <testcase classname="testClasses.TC_AddingMultiProductsDDT_009" name="addingMultiProducts" time="12.947"/>
  <testcase classname="testClasses.TC_SaveProductForLater_010" name="saveForLater" time="5.439"/>
</testsuite> <!-- Test -->
